# JRE version: OpenJDK Runtime Environment Temurin-21.0.4+7 (21.0.4+7) (build 21.0.4+7-LTS)
# Java VM: OpenJDK 64-Bit Server VM Temurin-21.0.4+7 (21.0.4+7-LTS, mixed mode, emulated-client, tiered, compressed oops, compressed class ptrs, g1 gc, windows-amd64)
GC Precious Log:
 CardTable entry size: 512
 Card Set container configuration: InlinePtr #cards 5 size 8 Array Of Cards #cards 12 size 40 Howl #buckets 4 coarsen threshold 1843 Howl Bitmap #cards 512 size 80 coarsen threshold 460 Card regions per heap region 1 cards per card region 2048
 CPUs: 8 total, 8 available
 Memory: 6077M
 Large Page Support: Disabled
 NUMA Support: Disabled
 Compressed Oops: Enabled (32-bit)
 Heap Region Size: 1M
 Heap Min Capacity: 8M
 Heap Initial Capacity: 96M
 Heap Max Capacity: 1520M
 Pre-touch: Disabled
 Parallel Workers: 8
 Concurrent Workers: 2
 Concurrent Refinement Workers: 8
 Periodic GC: Disabled
Heap:
 garbage-first heap   total 81920K, used 69327K [0x00000000a1000000, 0x0000000100000000)
  region size 1024K, 25 young (25600K), 4 survivors (4096K)
 Metaspace       used 85903K, committed 86720K, reserved 1179648K
  class space    used 11300K, committed 11648K, reserved 1048576K
GC Heap History (20 events):
Event: 798.371 GC heap after
{Heap after GC invocations=44 (full 3):
 garbage-first heap   total 78848K, used 42616K [0x00000000a1000000, 0x0000000100000000)
  region size 1024K, 5 young (5120K), 5 survivors (5120K)
 Metaspace       used 85182K, committed 86080K, reserved 1179648K
  class space    used 11228K, committed 11648K, reserved 1048576K
}
Event: 915.491 GC heap before
{Heap before GC invocations=44 (full 3):
 garbage-first heap   total 78848K, used 48760K [0x00000000a1000000, 0x0000000100000000)
  region size 1024K, 12 young (12288K), 5 survivors (5120K)
 Metaspace       used 85236K, committed 86080K, reserved 1179648K
  class space    used 11236K, committed 11648K, reserved 1048576K
}
Event: 915.592 GC heap after
{Heap after GC invocations=45 (full 4):
 garbage-first heap   total 78848K, used 38158K [0x00000000a1000000, 0x0000000100000000)
  region size 1024K, 0 young (0K), 0 survivors (0K)
 Metaspace       used 85222K, committed 86080K, reserved 1179648K
  class space    used 11234K, committed 11648K, reserved 1048576K
}
Event: 916.477 GC heap before
{Heap before GC invocations=45 (full 4):
 garbage-first heap   total 78848K, used 66830K [0x00000000a1000000, 0x0000000100000000)
  region size 1024K, 28 young (28672K), 0 survivors (0K)
 Metaspace       used 85255K, committed 86080K, reserved 1179648K
  class space    used 11239K, committed 11648K, reserved 1048576K
}
Event: 916.483 GC heap after
{Heap after GC invocations=46 (full 4):
 garbage-first heap   total 78848K, used 40994K [0x00000000a1000000, 0x0000000100000000)
  region size 1024K, 3 young (3072K), 3 survivors (3072K)
 Metaspace       used 85255K, committed 86080K, reserved 1179648K
  class space    used 11239K, committed 11648K, reserved 1048576K
}
Event: 917.139 GC heap before
{Heap before GC invocations=47 (full 4):
 garbage-first heap   total 78848K, used 67618K [0x00000000a1000000, 0x0000000100000000)
  region size 1024K, 29 young (29696K), 3 survivors (3072K)
 Metaspace       used 85390K, committed 86208K, reserved 1179648K
  class space    used 11246K, committed 11648K, reserved 1048576K
}
Event: 917.147 GC heap after
{Heap after GC invocations=48 (full 4):
 garbage-first heap   total 78848K, used 44138K [0x00000000a1000000, 0x0000000100000000)
  region size 1024K, 4 young (4096K), 4 survivors (4096K)
 Metaspace       used 85390K, committed 86208K, reserved 1179648K
  class space    used 11246K, committed 11648K, reserved 1048576K
}
Event: 979.300 GC heap before
{Heap before GC invocations=48 (full 4):
 garbage-first heap   total 78848K, used 57450K [0x00000000a1000000, 0x0000000100000000)
  region size 1024K, 18 young (18432K), 4 survivors (4096K)
 Metaspace       used 85460K, committed 86272K, reserved 1179648K
  class space    used 11257K, committed 11648K, reserved 1048576K
}
Event: 979.399 GC heap after
{Heap after GC invocations=49 (full 5):
 garbage-first heap   total 78848K, used 40511K [0x00000000a1000000, 0x0000000100000000)
  region size 1024K, 0 young (0K), 0 survivors (0K)
 Metaspace       used 85434K, committed 86272K, reserved 1179648K
  class space    used 11252K, committed 11648K, reserved 1048576K
}
Event: 980.113 GC heap before
{Heap before GC invocations=49 (full 5):
 garbage-first heap   total 78848K, used 66111K [0x00000000a1000000, 0x0000000100000000)
  region size 1024K, 26 young (26624K), 0 survivors (0K)
 Metaspace       used 85465K, committed 86272K, reserved 1179648K
  class space    used 11257K, committed 11648K, reserved 1048576K
}
Event: 980.122 GC heap after
{Heap after GC invocations=50 (full 5):
 garbage-first heap   total 78848K, used 43436K [0x00000000a1000000, 0x0000000100000000)
  region size 1024K, 3 young (3072K), 3 survivors (3072K)
 Metaspace       used 85465K, committed 86272K, reserved 1179648K
  class space    used 11257K, committed 11648K, reserved 1048576K
}
Event: 980.784 GC heap before
{Heap before GC invocations=51 (full 5):
 garbage-first heap   total 78848K, used 66988K [0x00000000a1000000, 0x0000000100000000)
  region size 1024K, 27 young (27648K), 3 survivors (3072K)
 Metaspace       used 85626K, committed 86400K, reserved 1179648K
  class space    used 11270K, committed 11648K, reserved 1048576K
}
Event: 980.790 GC heap after
{Heap after GC invocations=52 (full 5):
 garbage-first heap   total 78848K, used 45737K [0x00000000a1000000, 0x0000000100000000)
  region size 1024K, 3 young (3072K), 3 survivors (3072K)
 Metaspace       used 85626K, committed 86400K, reserved 1179648K
  class space    used 11270K, committed 11648K, reserved 1048576K
}
Event: 1059.435 GC heap before
{Heap before GC invocations=52 (full 5):
 garbage-first heap   total 78848K, used 65193K [0x00000000a1000000, 0x0000000100000000)
  region size 1024K, 23 young (23552K), 3 survivors (3072K)
 Metaspace       used 85679K, committed 86464K, reserved 1179648K
  class space    used 11279K, committed 11648K, reserved 1048576K
}
Event: 1059.540 GC heap after
{Heap after GC invocations=53 (full 6):
 garbage-first heap   total 78848K, used 43606K [0x00000000a1000000, 0x0000000100000000)
  region size 1024K, 0 young (0K), 0 survivors (0K)
 Metaspace       used 85666K, committed 86464K, reserved 1179648K
  class space    used 11277K, committed 11648K, reserved 1048576K
}
Event: 1060.215 GC heap before
{Heap before GC invocations=53 (full 6):
 garbage-first heap   total 78848K, used 67158K [0x00000000a1000000, 0x0000000100000000)
  region size 1024K, 24 young (24576K), 0 survivors (0K)
 Metaspace       used 85698K, committed 86464K, reserved 1179648K
  class space    used 11281K, committed 11648K, reserved 1048576K
}
Event: 1060.222 GC heap after
{Heap after GC invocations=54 (full 6):
 garbage-first heap   total 78848K, used 45935K [0x00000000a1000000, 0x0000000100000000)
  region size 1024K, 3 young (3072K), 3 survivors (3072K)
 Metaspace       used 85698K, committed 86464K, reserved 1179648K
  class space    used 11281K, committed 11648K, reserved 1048576K
}
Event: 1060.771 GC heap before
{Heap before GC invocations=55 (full 6):
 garbage-first heap   total 81920K, used 68463K [0x00000000a1000000, 0x0000000100000000)
  region size 1024K, 25 young (25600K), 3 survivors (3072K)
 Metaspace       used 85717K, committed 86528K, reserved 1179648K
  class space    used 11282K, committed 11648K, reserved 1048576K
}
Event: 1060.778 GC heap after
{Heap after GC invocations=56 (full 6):
 garbage-first heap   total 81920K, used 48108K [0x00000000a1000000, 0x0000000100000000)
  region size 1024K, 4 young (4096K), 4 survivors (4096K)
 Metaspace       used 85717K, committed 86528K, reserved 1179648K
  class space    used 11282K, committed 11648K, reserved 1048576K
}
Event: 1085.245 GC heap before
{Heap before GC invocations=56 (full 6):
 garbage-first heap   total 81920K, used 68588K [0x00000000a1000000, 0x0000000100000000)
  region size 1024K, 25 young (25600K), 4 survivors (4096K)
 Metaspace       used 85903K, committed 86720K, reserved 1179648K
  class space    used 11300K, committed 11648K, reserved 1048576K
}

